0 info it worked if it ends with ok
1 verbose cli [ '/usr/bin/nodejs', '/usr/bin/npm', 'i', '-g', 'npm' ]
2 info using npm@1.4.21
3 info using node@v0.10.29
4 verbose cache add [ 'npm', null ]
5 verbose cache add name=undefined spec="npm" args=["npm",null]
6 verbose parsed url { protocol: null,
6 verbose parsed url   slashes: null,
6 verbose parsed url   auth: null,
6 verbose parsed url   host: null,
6 verbose parsed url   port: null,
6 verbose parsed url   hostname: null,
6 verbose parsed url   hash: null,
6 verbose parsed url   search: null,
6 verbose parsed url   query: null,
6 verbose parsed url   pathname: 'npm',
6 verbose parsed url   path: 'npm',
6 verbose parsed url   href: 'npm' }
7 silly lockFile 660051d1-npm npm
8 verbose lock npm /home/seind/.npm/660051d1-npm.lock
9 silly lockFile 660051d1-npm npm
10 silly lockFile 660051d1-npm npm
11 verbose addNamed [ 'npm', '' ]
12 verbose addNamed [ null, '*' ]
13 silly lockFile 2f990b75-npm npm@
14 verbose lock npm@ /home/seind/.npm/2f990b75-npm.lock
15 silly addNameRange { name: 'npm', range: '*', hasData: false }
16 verbose request where is /npm
17 verbose request registry https://registry.npmjs.org/
18 verbose request id 9b153781f57694b1
19 verbose url raw /npm
20 verbose url resolving [ 'https://registry.npmjs.org/', './npm' ]
21 verbose url resolved https://registry.npmjs.org/npm
22 verbose request where is https://registry.npmjs.org/npm
23 info trying registry request attempt 1 at 17:27:07
24 http GET https://registry.npmjs.org/npm
25 http 200 https://registry.npmjs.org/npm
26 silly registry.get cb [ 200,
26 silly registry.get   { 'content-type': 'application/json; charset=UTF-8',
26 silly registry.get     server: 'UploadServer',
26 silly registry.get     'cache-control': 'max-age=300',
26 silly registry.get     'last-modified': 'Tue, 20 Mar 2018 6:08:15 GMT',
26 silly registry.get     etag: '"5ab0a54f-6b61f8"',
26 silly registry.get     'x-npm-region': 'EU-West',
26 silly registry.get     'content-encoding': 'gzip',
26 silly registry.get     'content-length': '666221',
26 silly registry.get     'accept-ranges': 'bytes',
26 silly registry.get     date: 'Thu, 22 Mar 2018 16:27:08 GMT',
26 silly registry.get     via: '1.1 varnish',
26 silly registry.get     age: '6035',
26 silly registry.get     connection: 'keep-alive',
26 silly registry.get     'x-served-by': 'cache-mad9436-MAD',
26 silly registry.get     'x-cache': 'HIT',
26 silly registry.get     'x-cache-hits': '9',
26 silly registry.get     'x-timer': 'S1521736028.236940,VS0,VE0',
26 silly registry.get     vary: 'Accept-Encoding, Accept' } ]
27 silly addNameRange number 2 { name: 'npm', range: '*', hasData: true }
28 silly addNameRange versions [ 'npm',
28 silly addNameRange   [ '1.1.25',
28 silly addNameRange     '1.2.32',
28 silly addNameRange     '1.3.2',
28 silly addNameRange     '1.3.4',
28 silly addNameRange     '1.2.20',
28 silly addNameRange     '1.2.21',
28 silly addNameRange     '1.2.22',
28 silly addNameRange     '1.2.23',
28 silly addNameRange     '1.2.24',
28 silly addNameRange     '1.2.25',
28 silly addNameRange     '1.2.27',
28 silly addNameRange     '1.2.28',
28 silly addNameRange     '1.2.30',
28 silly addNameRange     '1.2.31',
28 silly addNameRange     '1.3.0',
28 silly addNameRange     '1.3.1',
28 silly addNameRange     '1.2.19',
28 silly addNameRange     '1.1.70',
28 silly addNameRange     '1.1.71',
28 silly addNameRange     '1.3.5',
28 silly addNameRange     '1.3.6',
28 silly addNameRange     '1.3.7',
28 silly addNameRange     '1.3.8',
28 silly addNameRange     '1.3.9',
28 silly addNameRange     '1.3.10',
28 silly addNameRange     '1.3.11',
28 silly addNameRange     '1.3.12',
28 silly addNameRange     '1.3.13',
28 silly addNameRange     '1.3.14',
28 silly addNameRange     '1.3.15',
28 silly addNameRange     '1.3.16',
28 silly addNameRange     '1.3.17',
28 silly addNameRange     '1.3.18',
28 silly addNameRange     '1.3.20',
28 silly addNameRange     '1.3.21',
28 silly addNameRange     '1.3.22',
28 silly addNameRange     '1.3.23',
28 silly addNameRange     '1.3.24',
28 silly addNameRange     '1.3.25',
28 silly addNameRange     '1.3.26',
28 silly addNameRange     '1.4.0',
28 silly addNameRange     '1.4.1',
28 silly addNameRange     '1.4.2',
28 silly addNameRange     '1.4.3',
28 silly addNameRange     '1.4.4',
28 silly addNameRange     '1.4.5',
28 silly addNameRange     '1.4.6',
28 silly addNameRange     '1.4.7',
28 silly addNameRange     '1.4.8',
28 silly addNameRange     '1.4.9',
28 silly addNameRange     '1.4.10',
28 silly addNameRange     '1.4.11',
28 silly addNameRange     '1.4.12',
28 silly addNameRange     '1.4.13',
28 silly addNameRange     '1.4.14',
28 silly addNameRange     '1.4.15',
28 silly addNameRange     '1.4.16',
28 silly addNameRange     '1.2.8000',
28 silly addNameRange     '1.4.17',
28 silly addNameRange     '1.4.18',
28 silly addNameRange     '1.4.19',
28 silly addNameRange     '1.5.0-alpha-0',
28 silly addNameRange     '1.5.0-alpha-1',
28 silly addNameRange     '1.4.20',
28 silly addNameRange     '1.5.0-alpha-2',
28 silly addNameRange     '1.4.21',
28 silly addNameRange     '1.5.0-alpha-3',
28 silly addNameRange     '1.5.0-alpha-4',
28 silly addNameRange     '2.0.0-alpha-5',
28 silly addNameRange     '1.4.22',
28 silly addNameRange     '1.4.23',
28 silly addNameRange     '2.0.0-alpha.6.0',
28 silly addNameRange     '1.4.24',
28 silly addNameRange     '2.0.0-alpha.6',
28 silly addNameRange     '2.0.0-alpha.7',
28 silly addNameRange     '2.0.0-beta.0',
28 silly addNameRange     '1.4.25',
28 silly addNameRange     '2.0.0-beta.1',
28 silly addNameRange     '1.4.26',
28 silly addNameRange     '2.0.0-beta.2',
28 silly addNameRange     '1.4.27',
28 silly addNameRange     '2.0.0-beta.3',
28 silly addNameRange     '1.4.28',
28 silly addNameRange     '2.0.0',
28 silly addNameRange     '2.0.1',
28 silly addNameRange     '2.0.2',
28 silly addNameRange     '2.1.0',
28 silly addNameRange     '2.1.1',
28 silly addNameRange     '2.1.2',
28 silly addNameRange     '2.1.3',
28 silly addNameRange     '2.1.4',
28 silly addNameRange     '2.1.5',
28 silly addNameRange     '2.1.6',
28 silly addNameRange     '2.1.7',
28 silly addNameRange     '2.1.8',
28 silly addNameRange     '2.1.9',
28 silly addNameRange     '2.1.10',
28 silly addNameRange     '2.1.11',
28 silly addNameRange     '2.1.12',
28 silly addNameRange     '2.1.13',
28 silly addNameRange     '2.1.14',
28 silly addNameRange     '2.1.15',
28 silly addNameRange     '2.1.16',
28 silly addNameRange     '2.1.17',
28 silly addNameRange     '2.1.18',
28 silly addNameRange     '2.2.0',
28 silly addNameRange     '2.3.0',
28 silly addNameRange     '2.4.0',
28 silly addNameRange     '2.4.1',
28 silly addNameRange     '2.5.0',
28 silly addNameRange     '2.5.1',
28 silly addNameRange     '2.6.0',
28 silly addNameRange     '2.6.1',
28 silly addNameRange     '2.7.0',
28 silly addNameRange     '2.7.1',
28 silly addNameRange     '2.7.2',
28 silly addNameRange     '2.7.3',
28 silly addNameRange     '2.7.4',
28 silly addNameRange     '2.7.5',
28 silly addNameRange     '2.7.6',
28 silly addNameRange     '2.8.0',
28 silly addNameRange     '2.8.1',
28 silly addNameRange     '2.8.2',
28 silly addNameRange     '2.8.3',
28 silly addNameRange     '2.8.4',
28 silly addNameRange     '2.9.0',
28 silly addNameRange     '2.9.1',
28 silly addNameRange     '2.10.0',
28 silly addNameRange     '2.10.1',
28 silly addNameRange     '2.11.0',
28 silly addNameRange     '2.11.1',
28 silly addNameRange     '2.11.2',
28 silly addNameRange     '2.11.3',
28 silly addNameRange     '2.12.0',
28 silly addNameRange     '3.0.0',
28 silly addNameRange     '2.12.1',
28 silly addNameRange     '2.13.0',
28 silly addNameRange     '3.1.0',
28 silly addNameRange     '2.13.1',
28 silly addNameRange     '3.1.1',
28 silly addNameRange     '3.1.2',
28 silly addNameRange     '2.13.2',
28 silly addNameRange     '3.1.3',
28 silly addNameRange     '2.13.3',
28 silly addNameRange     '3.2.0',
28 silly addNameRange     '2.13.4',
28 silly addNameRange     '3.2.1',
28 silly addNameRange     '2.13.5',
28 silly addNameRange     '3.2.2',
28 silly addNameRange     '2.14.0',
28 silly addNameRange     '3.3.0',
28 silly addNameRange     '2.14.1',
28 silly addNameRange     '2.14.2',
28 silly addNameRange     '3.3.1',
28 silly addNameRange     '2.14.3',
28 silly addNameRange     '3.3.2',
28 silly addNameRange     '2.14.4',
28 silly addNameRange     '3.3.3',
28 silly addNameRange     '2.14.5',
28 silly addNameRange     '3.3.4',
28 silly addNameRange     '2.14.6',
28 silly addNameRange     '3.3.5',
28 silly addNameRange     '3.3.6',
28 silly addNameRange     '2.14.7',
28 silly addNameRange     '2.14.8',
28 silly addNameRange     '3.3.7',
28 silly addNameRange     '3.3.8',
28 silly addNameRange     '3.3.9',
28 silly addNameRange     '3.3.10',
28 silly addNameRange     '2.14.9',
28 silly addNameRange     '3.3.11',
28 silly addNameRange     '1.4.29',
28 silly addNameRange     '3.3.12',
28 silly addNameRange     '2.14.10',
28 silly addNameRange     '3.4.0',
28 silly addNameRange     '3.4.1',
28 silly addNameRange     '2.14.11',
28 silly addNameRange     '2.14.12',
28 silly addNameRange     '3.5.0',
28 silly addNameRange     '3.5.1',
28 silly addNameRange     '2.14.13',
28 silly addNameRange     '2.14.14',
28 silly addNameRange     '3.5.2',
28 silly addNameRange     '2.14.15',
28 silly addNameRange     '3.5.3',
28 silly addNameRange     '3.5.4',
28 silly addNameRange     '3.6.0',
28 silly addNameRange     '2.14.16',
28 silly addNameRange     '2.14.17',
28 silly addNameRange     '3.7.0',
28 silly addNameRange     '3.7.1',
28 silly addNameRange     '3.7.2',
28 silly addNameRange     '2.14.18',
28 silly addNameRange     '3.7.3',
28 silly addNameRange     '2.14.19',
28 silly addNameRange     '2.14.20',
28 silly addNameRange     '3.7.4',
28 silly addNameRange     '3.7.5',
28 silly addNameRange     '2.14.21',
28 silly addNameRange     '3.8.0',
28 silly addNameRange     '2.14.22',
28 silly addNameRange     '3.8.1',
28 silly addNameRange     '3.8.2',
28 silly addNameRange     '2.15.0',
28 silly addNameRange     '2.15.1',
28 silly addNameRange     '3.8.3',
28 silly addNameRange     '2.15.2',
28 silly addNameRange     '3.8.4',
28 silly addNameRange     '3.8.5',
28 silly addNameRange     '3.8.6',
28 silly addNameRange     '2.15.3',
28 silly addNameRange     '3.8.7',
28 silly addNameRange     '2.15.4',
28 silly addNameRange     '3.8.8',
28 silly addNameRange     '3.8.9',
28 silly addNameRange     '2.15.5',
28 silly addNameRange     '3.9.0',
28 silly addNameRange     '3.9.1',
28 silly addNameRange     '2.15.6',
28 silly addNameRange     '3.9.2',
28 silly addNameRange     '3.9.3',
28 silly addNameRange     '3.9.4',
28 silly addNameRange     '3.9.5',
28 silly addNameRange     '3.9.6',
28 silly addNameRange     '3.10.0',
28 silly addNameRange     '2.15.7',
28 silly addNameRange     '3.10.1',
28 silly addNameRange     '2.15.8',
28 silly addNameRange     '3.10.2',
28 silly addNameRange     '3.10.3',
28 silly addNameRange     '3.10.4',
28 silly addNameRange     '2.15.9',
28 silly addNameRange     '3.10.5',
28 silly addNameRange     '3.10.6',
28 silly addNameRange     '3.10.7',
28 silly addNameRange     '2.15.10',
28 silly addNameRange     '3.10.8',
28 silly addNameRange     '2.15.11',
28 silly addNameRange     '3.10.9',
28 silly addNameRange     '4.0.0',
28 silly addNameRange     '4.0.1',
28 silly addNameRange     '4.0.2',
28 silly addNameRange     '3.10.10',
28 silly addNameRange     '4.0.3',
28 silly addNameRange     '4.0.5',
28 silly addNameRange     '4.1.0',
28 silly addNameRange     '4.1.1',
28 silly addNameRange     '4.1.2',
28 silly addNameRange     '4.2.0',
28 silly addNameRange     '4.3.0',
28 silly addNameRange     '4.4.0',
28 silly addNameRange     '4.4.1',
28 silly addNameRange     '4.4.2',
28 silly addNameRange     '4.4.3',
28 silly addNameRange     '4.4.4',
28 silly addNameRange     '4.5.0',
28 silly addNameRange     '2.15.12',
28 silly addNameRange     '4.6.0',
28 silly addNameRange     '4.6.1',
28 silly addNameRange     '5.0.0',
28 silly addNameRange     '5.0.1',
28 silly addNameRange     '5.0.2',
28 silly addNameRange     '5.0.3',
28 silly addNameRange     '5.0.4',
28 silly addNameRange     '5.1.0',
28 silly addNameRange     '5.2.0',
28 silly addNameRange     '5.3.0',
28 silly addNameRange     '5.4.0',
28 silly addNameRange     '5.4.1',
28 silly addNameRange     '5.4.2',
28 silly addNameRange     '5.5.0',
28 silly addNameRange     '5.5.1',
28 silly addNameRange     '5.6.0',
28 silly addNameRange     '5.7.0',
28 silly addNameRange     '5.7.1',
28 silly addNameRange     '5.8.0-next.0' ] ]
29 verbose addNamed [ 'npm', '5.7.1' ]
30 verbose addNamed [ '5.7.1', '5.7.1' ]
31 silly lockFile f124b754-npm-5-7-1 npm@5.7.1
32 verbose lock npm@5.7.1 /home/seind/.npm/f124b754-npm-5-7-1.lock
33 silly lockFile d18932e7-stry-npmjs-org-npm-npm-5-7-1-tgz https://registry.npmjs.org/npm/-/npm-5.7.1.tgz
34 verbose lock https://registry.npmjs.org/npm/-/npm-5.7.1.tgz /home/seind/.npm/d18932e7-stry-npmjs-org-npm-npm-5-7-1-tgz.lock
35 verbose addRemoteTarball [ 'https://registry.npmjs.org/npm/-/npm-5.7.1.tgz',
35 verbose addRemoteTarball   'cf03d41f70472a74d08061cbe8d56ac418026a55' ]
36 info retry fetch attempt 1 at 17:27:12
37 verbose fetch to= /tmp/npm-2795-RQFyCUqf/registry.npmjs.org/npm/-/npm-5.7.1.tgz
38 http GET https://registry.npmjs.org/npm/-/npm-5.7.1.tgz
39 http 200 https://registry.npmjs.org/npm/-/npm-5.7.1.tgz
40 silly lockFile d18932e7-stry-npmjs-org-npm-npm-5-7-1-tgz https://registry.npmjs.org/npm/-/npm-5.7.1.tgz
41 silly lockFile d18932e7-stry-npmjs-org-npm-npm-5-7-1-tgz https://registry.npmjs.org/npm/-/npm-5.7.1.tgz
42 silly lockFile f124b754-npm-5-7-1 npm@5.7.1
43 silly lockFile f124b754-npm-5-7-1 npm@5.7.1
44 silly lockFile 2f990b75-npm npm@
45 silly lockFile 2f990b75-npm npm@
46 silly resolved [ { version: '5.7.1',
46 silly resolved     name: 'npm',
46 silly resolved     description: 'a package manager for JavaScript',
46 silly resolved     keywords: [ 'install', 'modules', 'package manager', 'package.json' ],
46 silly resolved     preferGlobal: true,
46 silly resolved     config: { publishtest: false },
46 silly resolved     homepage: 'https://docs.npmjs.com/',
46 silly resolved     author:
46 silly resolved      { name: 'Isaac Z. Schlueter',
46 silly resolved        email: 'i@izs.me',
46 silly resolved        url: 'http://blog.izs.me' },
46 silly resolved     repository: { type: 'git', url: 'git+https://github.com/npm/npm.git' },
46 silly resolved     bugs: { url: 'https://github.com/npm/npm/issues' },
46 silly resolved     directories: { bin: './bin', doc: './doc', lib: './lib', man: './man' },
46 silly resolved     main: './lib/npm.js',
46 silly resolved     bin: { npm: './bin/npm-cli.js', npx: './bin/npx-cli.js' },
46 silly resolved     dependencies:
46 silly resolved      { JSONStream: '^1.3.2',
46 silly resolved        abbrev: '~1.1.1',
46 silly resolved        'ansi-regex': '~3.0.0',
46 silly resolved        ansicolors: '~0.3.2',
46 silly resolved        ansistyles: '~0.1.3',
46 silly resolved        aproba: '~1.2.0',
46 silly resolved        archy: '~1.0.0',
46 silly resolved        'bin-links': '^1.1.0',
46 silly resolved        bluebird: '~3.5.1',
46 silly resolved        cacache: '^10.0.4',
46 silly resolved        'call-limit': '~1.1.0',
46 silly resolved        chownr: '~1.0.1',
46 silly resolved        'cli-table2': '~0.2.0',
46 silly resolved        'cmd-shim': '~2.0.2',
46 silly resolved        columnify: '~1.5.4',
46 silly resolved        'config-chain': '~1.1.11',
46 silly resolved        'detect-indent': '~5.0.0',
46 silly resolved        dezalgo: '~1.0.3',
46 silly resolved        editor: '~1.0.0',
46 silly resolved        'find-npm-prefix': '^1.0.2',
46 silly resolved        'fs-vacuum': '~1.2.10',
46 silly resolved        'fs-write-stream-atomic': '~1.0.10',
46 silly resolved        'gentle-fs': '^2.0.1',
46 silly resolved        glob: '~7.1.2',
46 silly resolved        'graceful-fs': '~4.1.11',
46 silly resolved        'has-unicode': '~2.0.1',
46 silly resolved        'hosted-git-info': '~2.5.0',
46 silly resolved        iferr: '~0.1.5',
46 silly resolved        inflight: '~1.0.6',
46 silly resolved        inherits: '~2.0.3',
46 silly resolved        ini: '^1.3.5',
46 silly resolved        'init-package-json': '~1.10.1',
46 silly resolved        'is-cidr': '~1.0.0',
46 silly resolved        'lazy-property': '~1.0.0',
46 silly resolved        libcipm: '^1.3.3',
46 silly resolved        libnpx: '~9.7.1',
46 silly resolved        lockfile: '~1.0.3',
46 silly resolved        'lodash._baseuniq': '~4.6.0',
46 silly resolved        'lodash.clonedeep': '~4.5.0',
46 silly resolved        'lodash.union': '~4.6.0',
46 silly resolved        'lodash.uniq': '~4.5.0',
46 silly resolved        'lodash.without': '~4.4.0',
46 silly resolved        'lru-cache': '~4.1.1',
46 silly resolved        meant: '~1.0.1',
46 silly resolved        mississippi: '^2.0.0',
46 silly resolved        mkdirp: '~0.5.1',
46 silly resolved        'move-concurrently': '^1.0.1',
46 silly resolved        nopt: '~4.0.1',
46 silly resolved        'normalize-package-data': '~2.4.0',
46 silly resolved        'npm-cache-filename': '~1.0.2',
46 silly resolved        'npm-install-checks': '~3.0.0',
46 silly resolved        'npm-lifecycle': '~2.0.0',
46 silly resolved        'npm-package-arg': '~6.0.0',
46 silly resolved        'npm-packlist': '~1.1.10',
46 silly resolved        'npm-profile': '^3.0.1',
46 silly resolved        'npm-registry-client': '~8.5.0',
46 silly resolved        'npm-user-validate': '~1.0.0',
46 silly resolved        npmlog: '~4.1.2',
46 silly resolved        once: '~1.4.0',
46 silly resolved        opener: '~1.4.3',
46 silly resolved        osenv: '^0.1.5',
46 silly resolved        pacote: '^7.3.3',
46 silly resolved        'path-is-inside': '~1.0.2',
46 silly resolved        'promise-inflight': '~1.0.1',
46 silly resolved        'qrcode-terminal': '~0.11.0',
46 silly resolved        'query-string': '^5.1.0',
46 silly resolved        qw: '~1.0.1',
46 silly resolved        read: '~1.0.7',
46 silly resolved        'read-cmd-shim': '~1.0.1',
46 silly resolved        'read-installed': '~4.0.3',
46 silly resolved        'read-package-json': '~2.0.12',
46 silly resolved        'read-package-tree': '~5.1.6',
46 silly resolved        'readable-stream': '^2.3.4',
46 silly resolved        request: '~2.83.0',
46 silly resolved        retry: '~0.10.1',
46 silly resolved        rimraf: '~2.6.2',
46 silly resolved        'safe-buffer': '~5.1.1',
46 silly resolved        semver: '^5.5.0',
46 silly resolved        sha: '~2.0.1',
46 silly resolved        slide: '~1.1.6',
46 silly resolved        'sorted-object': '~2.0.1',
46 silly resolved        'sorted-union-stream': '~2.1.3',
46 silly resolved        ssri: '^5.2.4',
46 silly resolved        'strip-ansi': '~4.0.0',
46 silly resolved        tar: '^4.3.3',
46 silly resolved        'text-table': '~0.2.0',
46 silly resolved        'uid-number': '0.0.6',
46 silly resolved        umask: '~1.1.0',
46 silly resolved        'unique-filename': '~1.1.0',
46 silly resolved        unpipe: '~1.0.0',
46 silly resolved        'update-notifier': '~2.3.0',
46 silly resolved        uuid: '^3.2.1',
46 silly resolved        'validate-npm-package-name': '~3.0.0',
46 silly resolved        which: '~1.3.0',
46 silly resolved        'worker-farm': '^1.5.2',
46 silly resolved        wrappy: '~1.0.2',
46 silly resolved        'write-file-atomic': '~2.1.0',
46 silly resolved        debuglog: '*',
46 silly resolved        imurmurhash: '*',
46 silly resolved        'lodash._baseindexof': '*',
46 silly resolved        'lodash._bindcallback': '*',
46 silly resolved        'lodash._cacheindexof': '*',
46 silly resolved        'lodash._createcache': '*',
46 silly resolved        'lodash._getnative': '*',
46 silly resolved        'lodash.restparam': '*',
46 silly resolved        'readdir-scoped-modules': '*',
46 silly resolved        'validate-npm-package-license': '*' },
46 silly resolved     bundleDependencies:
46 silly resolved      [ 'abbrev',
46 silly resolved        'ansi-regex',
46 silly resolved        'ansicolors',
46 silly resolved        'ansistyles',
46 silly resolved        'aproba',
46 silly resolved        'archy',
46 silly resolved        'cacache',
46 silly resolved        'call-limit',
46 silly resolved        'bluebird',
46 silly resolved        'bin-links',
46 silly resolved        'chownr',
46 silly resolved        'cli-table2',
46 silly resolved        'cmd-shim',
46 silly resolved        'columnify',
46 silly resolved        'config-chain',
46 silly resolved        'debuglog',
46 silly resolved        'detect-indent',
46 silly resolved        'dezalgo',
46 silly resolved        'editor',
46 silly resolved        'find-npm-prefix',
46 silly resolved        'fs-vacuum',
46 silly resolved        'fs-write-stream-atomic',
46 silly resolved        'gentle-fs',
46 silly resolved        'glob',
46 silly resolved        'graceful-fs',
46 silly resolved        'has-unicode',
46 silly resolved        'hosted-git-info',
46 silly resolved        'iferr',
46 silly resolved        'imurmurhash',
46 silly resolved        'inflight',
46 silly resolved        'inherits',
46 silly resolved        'ini',
46 silly resolved        'init-package-json',
46 silly resolved        'is-cidr',
46 silly resolved        'JSONStream',
46 silly resolved        'lazy-property',
46 silly resolved        'libcipm',
46 silly resolved        'libnpx',
46 silly resolved        'lockfile',
46 silly resolved        'lodash._baseindexof',
46 silly resolved        'lodash._baseuniq',
46 silly resolved        'lodash._bindcallback',
46 silly resolved        'lodash._cacheindexof',
46 silly resolved        'lodash._createcache',
46 silly resolved        'lodash._getnative',
46 silly resolved        'lodash.clonedeep',
46 silly resolved        'lodash.restparam',
46 silly resolved        'lodash.union',
46 silly resolved        'lodash.uniq',
46 silly resolved        'lodash.without',
46 silly resolved        'lru-cache',
46 silly resolved        'meant',
46 silly resolved        'mkdirp',
46 silly resolved        'mississippi',
46 silly resolved        'move-concurrently',
46 silly resolved        'nopt',
46 silly resolved        'normalize-package-data',
46 silly resolved        'npm-cache-filename',
46 silly resolved        'npm-lifecycle',
46 silly resolved        'npm-install-checks',
46 silly resolved        'npm-package-arg',
46 silly resolved        'npm-packlist',
46 silly resolved        'npm-profile',
46 silly resolved        'npm-registry-client',
46 silly resolved        'npm-user-validate',
46 silly resolved        'npmlog',
46 silly resolved        'once',
46 silly resolved        'opener',
46 silly resolved        'osenv',
46 silly resolved        'pacote',
46 silly resolved        'path-is-inside',
46 silly resolved        'promise-inflight',
46 silly resolved        'query-string',
46 silly resolved        'qrcode-terminal',
46 silly resolved        'qw',
46 silly resolved        'read',
46 silly resolved        'read-cmd-shim',
46 silly resolved        'read-installed',
46 silly resolved        'read-package-json',
46 silly resolved        'read-package-tree',
46 silly resolved        'readable-stream',
46 silly resolved        'readdir-scoped-modules',
46 silly resolved        'request',
46 silly resolved        'retry',
46 silly resolved        'rimraf',
46 silly resolved        'semver',
46 silly resolved        'sha',
46 silly resolved        'slide',
46 silly resolved        'sorted-object',
46 silly resolved        'sorted-union-stream',
46 silly resolved        'ssri',
46 silly resolved        'strip-ansi',
46 silly resolved        'tar',
46 silly resolved        'text-table',
46 silly resolved        'uid-number',
46 silly resolved        'umask',
46 silly resolved        'unique-filename',
46 silly resolved        'unpipe',
46 silly resolved        'update-notifier',
46 silly resolved        'uuid',
46 silly resolved        'validate-npm-package-license',
46 silly resolved        'validate-npm-package-name',
46 silly resolved        'which',
46 silly resolved        'wrappy',
46 silly resolved        'write-file-atomic',
46 silly resolved        'safe-buffer',
46 silly resolved        'worker-farm' ],
46 silly resolved     devDependencies:
46 silly resolved      { 'deep-equal': '~1.0.1',
46 silly resolved        marked: '^0.3.15',
46 silly resolved        'marked-man': '~0.2.1',
46 silly resolved        'npm-registry-couchapp': '^2.7.1',
46 silly resolved        'npm-registry-mock': '~1.1.0',
46 silly resolved        'require-inject': '~1.4.2',
46 silly resolved        'sprintf-js': '~1.1.1',
46 silly resolved        standard: '~6.0.8',
46 silly resolved        tacks: '~1.2.6',
46 silly resolved        tap: '^11.1.1' },
46 silly resolved     scripts:
46 silly resolved      { dumpconf: 'env | grep npm | sort | uniq',
46 silly resolved        prepare: 'node bin/npm-cli.js --no-timing prune --prefix=. --no-global && rimraf test/*/*/node_modules && make -j4 doc',
46 silly resolved        preversion: 'bash scripts/update-authors.sh && git add AUTHORS && git commit -m "update AUTHORS" || true',
46 silly resolved        tap: 'tap --timeout 300',
46 silly resolved        'tap-cover': 'tap --nyc-arg=\'--cache\' --coverage --timeout 600',
46 silly resolved        test: 'standard && npm run test-tap',
46 silly resolved        'test-coverage': 'npm run tap-cover -- "test/tap/*.js" "test/network/*.js" "test/broken-under-*/*.js"',
46 silly resolved        'test-tap': 'npm run tap -- "test/tap/*.js" "test/network/*.js" "test/broken-under-*/*.js"',
46 silly resolved        'test-node': 'tap --timeout 240 "test/tap/*.js" "test/network/*.js" "test/broken-under-nyc*/*.js"' },
46 silly resolved     license: 'Artistic-2.0',
46 silly resolved     contributors:
46 silly resolved      [ [Object],
46 silly resolved        [Object],
46 silly resolved        [Object],
46 silly resolved        [Object],
46 silly resolved        [Object],
46 silly resolved        [Object],
46 silly resolved        [Object],
46 silly resolved        [Object],
46 silly resolved        [Object],
46 silly resolved        [Object],
46 silly resolved        [Object],
46 silly resolved        [Object],
46 silly resolved        [Object],
46 silly resolved        [Object],
46 silly resolved        [Object],
46 silly resolved        [Object],
46 silly resolved        [Object],
46 silly resolved        [Object],
46 silly resolved        [Object],
46 silly resolved        [Object],
46 silly resolved        [Object],
46 silly resolved        [Object],
46 silly resolved        [Object],
46 silly resolved        [Object],
46 silly resolved        [Object],
46 silly resolved        [Object],
46 silly resolved        [Object],
46 silly resolved        [Object],
46 silly resolved        [Object],
46 silly resolved        [Object],
46 silly resolved        [Object],
46 silly resolved        [Object],
46 silly resolved        [Object],
46 silly resolved        [Object],
46 silly resolved        [Object],
46 silly resolved        [Object],
46 silly resolved        [Object],
46 silly resolved        [Object],
46 silly resolved        [Object],
46 silly resolved        [Object],
46 silly resolved        [Object],
46 silly resolved        [Object],
46 silly resolved        [Object],
46 silly resolved        [Object],
46 silly resolved        [Object],
46 silly resolved        [Object],
46 silly resolved        [Object],
46 silly resolved        [Object],
46 silly resolved        [Object],
46 silly resolved        [Object],
46 silly resolved        [Object],
46 silly resolved        [Object],
46 silly resolved        [Object],
46 silly resolved        [Object],
46 silly resolved        [Object],
46 silly resolved        [Object],
46 silly resolved        [Object],
46 silly resolved        [Object],
46 silly resolved        [Object],
46 silly resolved        [Object],
46 silly resolved        [Object],
46 silly resolved        [Object],
46 silly resolved        [Object],
46 silly resolved        [Object],
46 silly resolved        [Object],
46 silly resolved        [Object],
46 silly resolved        [Object],
46 silly resolved        [Object],
46 silly resolved        [Object],
46 silly resolved        [Object],
46 silly resolved        [Object],
46 silly resolved        [Object],
46 silly resolved        [Object],
46 silly resolved        [Object],
46 silly resolved        [Object],
46 silly resolved        [Object],
46 silly resolved        [Object],
46 silly resolved        [Object],
46 silly resolved        [Object],
46 silly resolved        [Object],
46 silly resolved        [Object],
46 silly resolved        [Object],
46 silly resolved        [Object],
46 silly resolved        [Object],
46 silly resolved        [Object],
46 silly resolved        [Object],
46 silly resolved        [Object],
46 silly resolved        [Object],
46 silly resolved        [Object],
46 silly resolved        [Object],
46 silly resolved        [Object],
46 silly resolved        [Object],
46 silly resolved        [Object],
46 silly resolved        [Object],
46 silly resolved        [Object],
46 silly resolved        [Object],
46 silly resolved        [Object],
46 silly resolved        [Object],
46 silly resolved        [Object],
46 silly resolved        [Object],
46 silly resolved        [Object],
46 silly resolved        [Object],
46 silly resolved        [Object],
46 silly resolved        [Object],
46 silly resolved        [Object],
46 silly resolved        [Object],
46 silly resolved        [Object],
46 silly resolved        [Object],
46 silly resolved        [Object],
46 silly resolved        [Object],
46 silly resolved        [Object],
46 silly resolved        [Object],
46 silly resolved        [Object],
46 silly resolved        [Object],
46 silly resolved        [Object],
46 silly resolved        [Object],
46 silly resolved        [Object],
46 silly resolved        [Object],
46 silly resolved        [Object],
46 silly resolved        [Object],
46 silly resolved        [Object],
46 silly resolved        [Object],
46 silly resolved        [Object],
46 silly resolved        [Object],
46 silly resolved        [Object],
46 silly resolved        [Object],
46 silly resolved        [Object],
46 silly resolved        [Object],
46 silly resolved        [Object],
46 silly resolved        [Object],
46 silly resolved        [Object],
46 silly resolved        [Object],
46 silly resolved        [Object],
46 silly resolved        [Object],
46 silly resolved        [Object],
46 silly resolved        [Object],
46 silly resolved        [Object],
46 silly resolved        [Object],
46 silly resolved        [Object],
46 silly resolved        [Object],
46 silly resolved        [Object],
46 silly resolved        [Object],
46 silly resolved        [Object],
46 silly resolved        [Object],
46 silly resolved        [Object],
46 silly resolved        [Object],
46 silly resolved        [Object],
46 silly resolved        [Object],
46 silly resolved        [Object],
46 silly resolved        [Object],
46 silly resolved        [Object],
46 silly resolved        [Object],
46 silly resolved        [Object],
46 silly resolved        [Object],
46 silly resolved        [Object],
46 silly resolved        [Object],
46 silly resolved        [Object],
46 silly resolved        [Object],
46 silly resolved        [Object],
46 silly resolved        [Object],
46 silly resolved        [Object],
46 silly resolved        [Object],
46 silly resolved        [Object],
46 silly resolved        [Object],
46 silly resolved        [Object],
46 silly resolved        [Object],
46 silly resolved        [Object],
46 silly resolved        [Object],
46 silly resolved        [Object],
46 silly resolved        [Object],
46 silly resolved        [Object],
46 silly resolved        [Object],
46 silly resolved        [Object],
46 silly resolved        [Object],
46 silly resolved        [Object],
46 silly resolved        [Object],
46 silly resolved        [Object],
46 silly resolved        [Object],
46 silly resolved        [Object],
46 silly resolved        [Object],
46 silly resolved        [Object],
46 silly resolved        [Object],
46 silly resolved        [Object],
46 silly resolved        [Object],
46 silly resolved        [Object],
46 silly resolved        [Object],
46 silly resolved        [Object],
46 silly resolved        [Object],
46 silly resolved        [Object],
46 silly resolved        [Object],
46 silly resolved        [Object],
46 silly resolved        [Object],
46 silly resolved        [Object],
46 silly resolved        [Object],
46 silly resolved        [Object],
46 silly resolved        [Object],
46 silly resolved        [Object],
46 silly resolved        [Object],
46 silly resolved        [Object],
46 silly resolved        [Object],
46 silly resolved        [Object],
46 silly resolved        [Object],
46 silly resolved        [Object],
46 silly resolved        [Object],
46 silly resolved        [Object],
46 silly resolved        [Object],
46 silly resolved        [Object],
46 silly resolved        [Object],
46 silly resolved        [Object],
46 silly resolved        [Object],
46 silly resolved        [Object],
46 silly resolved        [Object],
46 silly resolved        [Object],
46 silly resolved        [Object],
46 silly resolved        [Object],
46 silly resolved        [Object],
46 silly resolved        [Object],
46 silly resolved        [Object],
46 silly resolved        [Object],
46 silly resolved        [Object],
46 silly resolved        [Object],
46 silly resolved        [Object],
46 silly resolved        [Object],
46 silly resolved        [Object],
46 silly resolved        [Object],
46 silly resolved        [Object],
46 silly resolved        [Object],
46 silly resolved        [Object],
46 silly resolved        [Object],
46 silly resolved        [Object],
46 silly resolved        [Object],
46 silly resolved        [Object],
46 silly resolved        [Object],
46 silly resolved        [Object],
46 silly resolved        [Object],
46 silly resolved        [Object],
46 silly resolved        [Object],
46 silly resolved        [Object],
46 silly resolved        [Object],
46 silly resolved        [Object],
46 silly resolved        [Object],
46 silly resolved        [Object],
46 silly resolved        [Object],
46 silly resolved        [Object],
46 silly resolved        [Object],
46 silly resolved        [Object],
46 silly resolved        [Object],
46 silly resolved        [Object],
46 silly resolved        [Object],
46 silly resolved        [Object],
46 silly resolved        [Object],
46 silly resolved        [Object],
46 silly resolved        [Object],
46 silly resolved        [Object],
46 silly resolved        [Object],
46 silly resolved        [Object],
46 silly resolved        [Object],
46 silly resolved        [Object],
46 silly resolved        [Object],
46 silly resolved        [Object],
46 silly resolved        [Object],
46 silly resolved        [Object],
46 silly resolved        [Object],
46 silly resolved        [Object],
46 silly resolved        [Object],
46 silly resolved        [Object],
46 silly resolved        [Object],
46 silly resolved        [Object],
46 silly resolved        [Object],
46 silly resolved        [Object],
46 silly resolved        [Object],
46 silly resolved        [Object],
46 silly resolved        [Object],
46 silly resolved        [Object],
46 silly resolved        [Object],
46 silly resolved        [Object],
46 silly resolved        [Object],
46 silly resolved        [Object],
46 silly resolved        [Object],
46 silly resolved        [Object],
46 silly resolved        [Object],
46 silly resolved        [Object],
46 silly resolved        [Object],
46 silly resolved        [Object],
46 silly resolved        [Object],
46 silly resolved        [Object],
46 silly resolved        [Object],
46 silly resolved        [Object],
46 silly resolved        [Object],
46 silly resolved        [Object],
46 silly resolved        [Object],
46 silly resolved        [Object],
46 silly resolved        [Object],
46 silly resolved        [Object],
46 silly resolved        [Object],
46 silly resolved        [Object],
46 silly resolved        [Object],
46 silly resolved        [Object],
46 silly resolved        [Object],
46 silly resolved        [Object],
46 silly resolved        [Object],
46 silly resolved        [Object],
46 silly resolved        [Object],
46 silly resolved        [Object],
46 silly resolved        [Object],
46 silly resolved        [Object],
46 silly resolved        [Object],
46 silly resolved        [Object],
46 silly resolved        [Object],
46 silly resolved        [Object],
46 silly resolved        [Object],
46 silly resolved        [Object],
46 silly resolved        [Object],
46 silly resolved        [Object],
46 silly resolved        [Object],
46 silly resolved        [Object],
46 silly resolved        [Object],
46 silly resolved        [Object],
46 silly resolved        [Object],
46 silly resolved        [Object],
46 silly resolved        [Object],
46 silly resolved        [Object],
46 silly resolved        [Object],
46 silly resolved        [Object],
46 silly resolved        [Object],
46 silly resolved        [Object],
46 silly resolved        [Object],
46 silly resolved        [Object],
46 silly resolved        [Object],
46 silly resolved        [Object],
46 silly resolved        [Object],
46 silly resolved        [Object],
46 silly resolved        [Object],
46 silly resolved        [Object],
46 silly resolved        [Object],
46 silly resolved        [Object],
46 silly resolved        [Object],
46 silly resolved        [Object],
46 silly resolved        [Object],
46 silly resolved        [Object],
46 silly resolved        [Object],
46 silly resolved        [Object],
46 silly resolved        [Object],
46 silly resolved        [Object],
46 silly resolved        [Object],
46 silly resolved        [Object],
46 silly resolved        [Object],
46 silly resolved        [Object],
46 silly resolved        [Object],
46 silly resolved        [Object],
46 silly resolved        [Object],
46 silly resolved        [Object],
46 silly resolved        [Object],
46 silly resolved        [Object],
46 silly resolved        [Object],
46 silly resolved        [Object],
46 silly resolved        [Object],
46 silly resolved        [Object],
46 silly resolved        [Object],
46 silly resolved        [Object],
46 silly resolved        [Object],
46 silly resolved        [Object],
46 silly resolved        [Object],
46 silly resolved        [Object],
46 silly resolved        [Object],
46 silly resolved        [Object],
46 silly resolved        [Object],
46 silly resolved        [Object],
46 silly resolved        [Object],
46 silly resolved        [Object],
46 silly resolved        [Object],
46 silly resolved        [Object],
46 silly resolved        [Object],
46 silly resolved        [Object],
46 silly resolved        [Object],
46 silly resolved        [Object],
46 silly resolved        [Object],
46 silly resolved        [Object],
46 silly resolved        [Object],
46 silly resolved        [Object],
46 silly resolved        [Object],
46 silly resolved        [Object],
46 silly resolved        [Object],
46 silly resolved        [Object],
46 silly resolved        [Object],
46 silly resolved        [Object],
46 silly resolved        [Object],
46 silly resolved        [Object],
46 silly resolved        [Object],
46 silly resolved        [Object],
46 silly resolved        [Object],
46 silly resolved        [Object],
46 silly resolved        [Object],
46 silly resolved        [Object],
46 silly resolved        [Object],
46 silly resolved        [Object],
46 silly resolved        [Object],
46 silly resolved        [Object],
46 silly resolved        [Object],
46 silly resolved        [Object],
46 silly resolved        [Object],
46 silly resolved        [Object],
46 silly resolved        [Object],
46 silly resolved        [Object],
46 silly resolved        [Object],
46 silly resolved        [Object],
46 silly resolved        [Object],
46 silly resolved        [Object],
46 silly resolved        [Object],
46 silly resolved        [Object],
46 silly resolved        [Object],
46 silly resolved        [Object],
46 silly resolved        [Object],
46 silly resolved        [Object],
46 silly resolved        [Object],
46 silly resolved        [Object],
46 silly resolved        [Object],
46 silly resolved        [Object],
46 silly resolved        [Object],
46 silly resolved        [Object],
46 silly resolved        [Object],
46 silly resolved        [Object],
46 silly resolved        [Object],
46 silly resolved        [Object],
46 silly resolved        [Object],
46 silly resolved        [Object],
46 silly resolved        [Object],
46 silly resolved        [Object],
46 silly resolved        [Object],
46 silly resolved        [Object],
46 silly resolved        [Object],
46 silly resolved        [Object],
46 silly resolved        [Object],
46 silly resolved        [Object],
46 silly resolved        [Object],
46 silly resolved        [Object],
46 silly resolved        [Object],
46 silly resolved        [Object],
46 silly resolved        [Object],
46 silly resolved        [Object],
46 silly resolved        [Object],
46 silly resolved        [Object],
46 silly resolved        [Object],
46 silly resolved        [Object],
46 silly resolved        [Object],
46 silly resolved        [Object],
46 silly resolved        [Object],
46 silly resolved        [Object],
46 silly resolved        [Object],
46 silly resolved        [Object],
46 silly resolved        [Object],
46 silly resolved        [Object],
46 silly resolved        [Object],
46 silly resolved        [Object],
46 silly resolved        [Object],
46 silly resolved        [Object],
46 silly resolved        [Object],
46 silly resolved        [Object],
46 silly resolved        [Object],
46 silly resolved        [Object],
46 silly resolved        [Object],
46 silly resolved        [Object],
46 silly resolved        [Object],
46 silly resolved        [Object],
46 silly resolved        [Object],
46 silly resolved        [Object],
46 silly resolved        [Object],
46 silly resolved        [Object],
46 silly resolved        [Object],
46 silly resolved        [Object],
46 silly resolved        [Object],
46 silly resolved        [Object],
46 silly resolved        [Object],
46 silly resolved        [Object],
46 silly resolved        [Object],
46 silly resolved        [Object],
46 silly resolved        [Object],
46 silly resolved        [Object],
46 silly resolved        [Object],
46 silly resolved        [Object],
46 silly resolved        [Object],
46 silly resolved        [Object],
46 silly resolved        [Object],
46 silly resolved        [Object],
46 silly resolved        [Object],
46 silly resolved        [Object],
46 silly resolved        [Object],
46 silly resolved        [Object],
46 silly resolved        [Object],
46 silly resolved        [Object],
46 silly resolved        [Object],
46 silly resolved        [Object],
46 silly resolved        [Object],
46 silly resolved        [Object],
46 silly resolved        [Object],
46 silly resolved        [Object],
46 silly resolved        [Object],
46 silly resolved        [Object],
46 silly resolved        [Object],
46 silly resolved        [Object],
46 silly resolved        [Object],
46 silly resolved        [Object],
46 silly resolved        [Object],
46 silly resolved        [Object],
46 silly resolved        [Object],
46 silly resolved        [Object],
46 silly resolved        [Object],
46 silly resolved        [Object],
46 silly resolved        [Object],
46 silly resolved        [Object],
46 silly resolved        [Object],
46 silly resolved        [Object],
46 silly resolved        [Object],
46 silly resolved        [Object],
46 silly resolved        [Object],
46 silly resolved        [Object],
46 silly resolved        [Object],
46 silly resolved        [Object],
46 silly resolved        [Object],
46 silly resolved        [Object],
46 silly resolved        [Object],
46 silly resolved        [Object],
46 silly resolved        [Object],
46 silly resolved        [Object],
46 silly resolved        [Object],
46 silly resolved        [Object],
46 silly resolved        [Object],
46 silly resolved        [Object],
46 silly resolved        [Object],
46 silly resolved        [Object],
46 silly resolved        [Object],
46 silly resolved        [Object],
46 silly resolved        [Object],
46 silly resolved        [Object],
46 silly resolved        [Object],
46 silly resolved        [Object],
46 silly resolved        [Object],
46 silly resolved        [Object] ],
46 silly resolved     man:
46 silly resolved      [ '/Users/zkat/Documents/code/npm/man/man1/npm-access.1',
46 silly resolved        '/Users/zkat/Documents/code/npm/man/man1/npm-adduser.1',
46 silly resolved        '/Users/zkat/Documents/code/npm/man/man1/npm-bin.1',
46 silly resolved        '/Users/zkat/Documents/code/npm/man/man1/npm-bugs.1',
46 silly resolved        '/Users/zkat/Documents/code/npm/man/man1/npm-build.1',
46 silly resolved        '/Users/zkat/Documents/code/npm/man/man1/npm-bundle.1',
46 silly resolved        '/Users/zkat/Documents/code/npm/man/man1/npm-cache.1',
46 silly resolved        '/Users/zkat/Documents/code/npm/man/man1/npm-ci.1',
46 silly resolved        '/Users/zkat/Documents/code/npm/man/man1/npm-completion.1',
46 silly resolved        '/Users/zkat/Documents/code/npm/man/man1/npm-config.1',
46 silly resolved        '/Users/zkat/Documents/code/npm/man/man1/npm-dedupe.1',
46 silly resolved        '/Users/zkat/Documents/code/npm/man/man1/npm-deprecate.1',
46 silly resolved        '/Users/zkat/Documents/code/npm/man/man1/npm-dist-tag.1',
46 silly resolved        '/Users/zkat/Documents/code/npm/man/man1/npm-docs.1',
46 silly resolved        '/Users/zkat/Documents/code/npm/man/man1/npm-doctor.1',
46 silly resolved        '/Users/zkat/Documents/code/npm/man/man1/npm-edit.1',
46 silly resolved        '/Users/zkat/Documents/code/npm/man/man1/npm-explore.1',
46 silly resolved        '/Users/zkat/Documents/code/npm/man/man1/npm-help-search.1',
46 silly resolved        '/Users/zkat/Documents/code/npm/man/man1/npm-help.1',
46 silly resolved        '/Users/zkat/Documents/code/npm/man/man1/npm-init.1',
46 silly resolved        '/Users/zkat/Documents/code/npm/man/man1/npm-install-test.1',
46 silly resolved        '/Users/zkat/Documents/code/npm/man/man1/npm-install.1',
46 silly resolved        '/Users/zkat/Documents/code/npm/man/man1/npm-link.1',
46 silly resolved        '/Users/zkat/Documents/code/npm/man/man1/npm-logout.1',
46 silly resolved        '/Users/zkat/Documents/code/npm/man/man1/npm-ls.1',
46 silly resolved        '/Users/zkat/Documents/code/npm/man/man1/npm-outdated.1',
46 silly resolved        '/Users/zkat/Documents/code/npm/man/man1/npm-owner.1',
46 silly resolved        '/Users/zkat/Documents/code/npm/man/man1/npm-pack.1',
46 silly resolved        '/Users/zkat/Documents/code/npm/man/man1/npm-ping.1',
46 silly resolved        '/Users/zkat/Documents/code/npm/man/man1/npm-prefix.1',
46 silly resolved        '/Users/zkat/Documents/code/npm/man/man1/npm-profile.1',
46 silly resolved        '/Users/zkat/Documents/code/npm/man/man1/npm-prune.1',
46 silly resolved        '/Users/zkat/Documents/code/npm/man/man1/npm-publish.1',
46 silly resolved        '/Users/zkat/Documents/code/npm/man/man1/npm-README.1',
46 silly resolved        '/Users/zkat/Documents/code/npm/man/man1/npm-rebuild.1',
46 silly resolved        '/Users/zkat/Documents/code/npm/man/man1/npm-repo.1',
46 silly resolved        '/Users/zkat/Documents/code/npm/man/man1/npm-restart.1',
46 silly resolved        '/Users/zkat/Documents/code/npm/man/man1/npm-root.1',
46 silly resolved        '/Users/zkat/Documents/code/npm/man/man1/npm-run-script.1',
46 silly resolved        '/Users/zkat/Documents/code/npm/man/man1/npm-search.1',
46 silly resolved        '/Users/zkat/Documents/code/npm/man/man1/npm-shrinkwrap.1',
46 silly resolved        '/Users/zkat/Documents/code/npm/man/man1/npm-star.1',
46 silly resolved        '/Users/zkat/Documents/code/npm/man/man1/npm-stars.1',
46 silly resolved        '/Users/zkat/Documents/code/npm/man/man1/npm-start.1',
46 silly resolved        '/Users/zkat/Documents/code/npm/man/man1/npm-stop.1',
46 silly resolved        '/Users/zkat/Documents/code/npm/man/man1/npm-team.1',
46 silly resolved        '/Users/zkat/Documents/code/npm/man/man1/npm-test.1',
46 silly resolved        '/Users/zkat/Documents/code/npm/man/man1/npm-token.1',
46 silly resolved        '/Users/zkat/Documents/code/npm/man/man1/npm-uninstall.1',
46 silly resolved        '/Users/zkat/Documents/code/npm/man/man1/npm-unpublish.1',
46 silly resolved        '/Users/zkat/Documents/code/npm/man/man1/npm-update.1',
46 silly resolved        '/Users/zkat/Documents/code/npm/man/man1/npm-version.1',
46 silly resolved        '/Users/zkat/Documents/code/npm/man/man1/npm-view.1',
46 silly resolved        '/Users/zkat/Documents/code/npm/man/man1/npm-whoami.1',
46 silly resolved        '/Users/zkat/Documents/code/npm/man/man1/npm.1',
46 silly resolved        '/Users/zkat/Documents/code/npm/man/man1/npx.1',
46 silly resolved        '/Users/zkat/Documents/code/npm/man/man5/npm-folders.5',
46 silly resolved        '/Users/zkat/Documents/code/npm/man/man5/npm-global.5',
46 silly resolved        '/Users/zkat/Documents/code/npm/man/man5/npm-json.5',
46 silly resolved        '/Users/zkat/Documents/code/npm/man/man5/npm-package-locks.5',
46 silly resolved        '/Users/zkat/Documents/code/npm/man/man5/npm-shrinkwrap.json.5',
46 silly resolved        '/Users/zkat/Documents/code/npm/man/man5/npmrc.5',
46 silly resolved        '/Users/zkat/Documents/code/npm/man/man5/package-lock.json.5',
46 silly resolved        '/Users/zkat/Documents/code/npm/man/man5/package.json.5',
46 silly resolved        '/Users/zkat/Documents/code/npm/man/man7/npm-coding-style.7',
46 silly resolved        '/Users/zkat/Documents/code/npm/man/man7/npm-config.7',
46 silly resolved        '/Users/zkat/Documents/code/npm/man/man7/npm-developers.7',
46 silly resolved        '/Users/zkat/Documents/code/npm/man/man7/npm-disputes.7',
46 silly resolved        '/Users/zkat/Documents/code/npm/man/man7/npm-index.7',
46 silly resolved        '/Users/zkat/Documents/code/npm/man/man7/npm-orgs.7',
46 silly resolved        '/Users/zkat/Documents/code/npm/man/man7/npm-registry.7',
46 silly resolved        '/Users/zkat/Documents/code/npm/man/man7/npm-scope.7',
46 silly resolved        '/Users/zkat/Documents/code/npm/man/man7/npm-scripts.7',
46 silly resolved        '/Users/zkat/Documents/code/npm/man/man7/removing-npm.7',
46 silly resolved        '/Users/zkat/Documents/code/npm/man/man7/semver.7' ],
46 silly resolved     gitHead: '8452a9d9b231bc6c95745bb49a4b838ce11d3b9c',
46 silly resolved     _id: 'npm@5.7.1',
46 silly resolved     _npmVersion: '5.7.1',
46 silly resolved     _nodeVersion: '8.9.4',
46 silly resolved     _npmUser: { name: 'zkat', email: 'kzm@sykosomatic.org' },
46 silly resolved     dist:
46 silly resolved      { integrity: 'sha512-r1grvv6mcEt+nlMzMWPc5n/z5q8NNuBWj0TGFp1PBSFCl6ubnAoUGBsucYsnZYT7MOJn0ha1ptEjmdBoAdJ+SA==',
46 silly resolved        shasum: 'cf03d41f70472a74d08061cbe8d56ac418026a55',
46 silly resolved        tarball: 'https://registry.npmjs.org/npm/-/npm-5.7.1.tgz',
46 silly resolved        fileCount: 5286,
46 silly resolved        unpackedSize: 21789682 },
46 silly resolved     maintainers: [ [Object], [Object], [Object], [Object] ],
46 silly resolved     _npmOperationalInternal:
46 silly resolved      { host: 's3://npm-registry-packages',
46 silly resolved        tmp: 'tmp/npm_5.7.1_1519320528692_0.40735671938199847' },
46 silly resolved     _shasum: 'cf03d41f70472a74d08061cbe8d56ac418026a55',
46 silly resolved     _from: 'npm@',
46 silly resolved     _resolved: 'https://registry.npmjs.org/npm/-/npm-5.7.1.tgz' } ]
47 info install npm@5.7.1 into /usr/local/lib
48 info installOne npm@5.7.1
49 verbose lib/node_modules/npm unbuild
50 verbose lib/node_modules/npm unbuild
51 error error rolling back Error: EACCES, unlink '/usr/local/lib/node_modules/npm'
51 error error rolling back  npm@5.7.1 { [Error: EACCES, unlink '/usr/local/lib/node_modules/npm']
51 error error rolling back   errno: 3,
51 error error rolling back   code: 'EACCES',
51 error error rolling back   path: '/usr/local/lib/node_modules/npm' }
52 error Error: EACCES, unlink '/usr/local/lib/node_modules/npm'
52 error  { [Error: EACCES, unlink '/usr/local/lib/node_modules/npm']
52 error   errno: 3,
52 error   code: 'EACCES',
52 error   path: '/usr/local/lib/node_modules/npm' }
53 error Please try running this command again as root/Administrator.
54 error System Linux 3.16.0-5-amd64
55 error command "/usr/bin/nodejs" "/usr/bin/npm" "i" "-g" "npm"
56 error cwd /home/seind/Desarrollo/Interactivos
57 error node -v v0.10.29
58 error npm -v 1.4.21
59 error path /usr/local/lib/node_modules/npm
60 error code EACCES
61 error errno 3
62 error stack Error: EACCES, unlink '/usr/local/lib/node_modules/npm'
63 verbose exit [ 3, true ]
